{"timestamp": "2026-04-09T22:05:05.712460+00:00", "session_id": "3e2b46ec-1f43-4792-ab39-6bcd06efc7a1", "decision": "REPAIR", "risk": "Low", "trust": 1.0}
{"timestamp": "2026-04-09T22:11:20.927880+00:00", "session_id": "87d81a8e-df98-4f71-b789-5d2a6875079e", "decision": "REPAIR", "risk": "Low", "trust": 1.0}
{"timestamp": "2026-04-09T22:12:55.239707+00:00", "session_id": "6f9ff1c8-e096-44af-aca5-cbc72438c7a7", "decision": "REPAIR", "risk": "Low", "trust": 1.0}
{"timestamp": "2026-04-09T22:13:53.193393+00:00", "session_id": "aa46d7ad-a114-4279-a09c-4b2e79d972fc", "decision": "REPAIR", "risk": "Low", "trust": 1.0}
{"timestamp": "2026-04-09T22:17:36.599744+00:00", "session_id": "256bef93-0c30-41bd-b0cf-ae6367b40071", "decision": "REPAIR", "risk": "Low", "trust": 1.0}
{"timestamp": "2026-04-09T22:20:43.302650+00:00", "session_id": "8256463d-1d15-40c2-82e5-7bcda57182e5", "decision": "REPAIR", "risk": "Low", "trust": 1.0}
{"timestamp": "2026-04-09T22:23:30.213779+00:00", "session_id": "1cb7540a-b2d7-4f4b-a4d1-b32c1a23a80b", "decision": "REPAIR", "risk": "Low", "trust": 1.0}
{"timestamp": "2026-04-10T06:58:36.392583+00:00", "session_id": "4cf423f2-aa36-4720-aac2-c5f99b73d685", "decision": "REPAIR", "risk": "Low", "trust": 1.0}
{"timestamp": "2026-04-11T20:13:25.537433+00:00", "session_id": "unknown", "decision": "Reject", "risk": "Unknown", "trust": 0.0, "status": "OK"}
{"timestamp": "2026-04-11T20:13:25.699402+00:00", "session_id": "unknown", "decision": "Reject", "risk": "Unknown", "trust": 0.0, "status": "OK"}
{"timestamp": "2026-04-11T20:13:27.272955+00:00", "session_id": "unknown", "decision": "Reject", "risk": "Unknown", "trust": 0.0, "status": "OK"}
{"timestamp": "2026-04-11T20:13:27.395889+00:00", "session_id": "unknown", "decision": "Reject", "risk": "Unknown", "trust": 0.0, "status": "OK"}
{"timestamp": "2026-04-11T20:16:39.379697+00:00", "session_id": "unknown", "decision": "Reject", "risk": "Unknown", "trust": 0.0, "status": "OK"}
{"timestamp": "2026-04-11T20:16:39.514850+00:00", "session_id": "unknown", "decision": "Reject", "risk": "Unknown", "trust": 0.0, "status": "OK"}
{"timestamp": "2026-04-11T20:16:42.791964+00:00", "session_id": "unknown", "decision": "Reject", "risk": "Unknown", "trust": 0.0, "status": "OK"}
{"timestamp": "2026-04-11T20:16:42.904890+00:00", "session_id": "unknown", "decision": "Reject", "risk": "Unknown", "trust": 0.0, "status": "OK"}
{"timestamp": "2026-04-11T20:16:43.025866+00:00", "session_id": "unknown", "decision": "Reject", "risk": "Unknown", "trust": 0.0, "status": "OK"}
{"timestamp": "2026-04-11T20:16:43.106787+00:00", "session_id": "unknown", "decision": "Reject", "risk": "Unknown", "trust": 0.0, "status": "OK"}
{"timestamp": "2026-04-11T20:16:43.870889+00:00", "session_id": "unknown", "decision": "Reject", "risk": "Unknown", "trust": 0.0, "status": "OK"}
{"timestamp": "2026-04-11T20:16:43.980074+00:00", "session_id": "unknown", "decision": "Reject", "risk": "Unknown", "trust": 0.0, "status": "OK"}
{"timestamp": "2026-04-11T20:18:00.365513+00:00", "session_id": "unknown", "decision": "Reject", "risk": "Unknown", "trust": 0.0, "status": "OK"}
{"timestamp": "2026-04-11T20:18:01.909979+00:00", "session_id": "unknown", "decision": "Reject", "risk": "Unknown", "trust": 0.0, "status": "OK"}
{"timestamp": "2026-04-11T20:18:02.144956+00:00", "session_id": "unknown", "decision": "Reject", "risk": "Unknown", "trust": 0.0, "status": "OK"}
{"timestamp": "2026-04-11T20:18:02.589570+00:00", "session_id": "unknown", "decision": "Reject", "risk": "Unknown", "trust": 0.0, "status": "OK"}
{"timestamp": "2026-04-11T20:55:49.463731+00:00", "session_id": "eba8d139-8a9b-46e4-889b-c5b7083de57f", "decision": "REPAIR", "risk": "Low", "trust": 0.904977930860976, "status": "OK"}
{"timestamp": "2026-04-11T21:16:41.139511+00:00", "session_id": "742c77a2-e8b5-45d9-aeba-a8d20ddaf04b", "decision": "REPAIR", "risk": "Low", "trust": 0.8635374910218634, "status": "OK"}
{"timestamp": "2026-04-12T08:24:47.172260+00:00", "session_id": "31550327-8889-4006-9c82-60a6ad203f91", "decision": "REPAIR", "risk": "Low", "trust": 0.9286421106514493, "status": "OK"}
{"timestamp": "2026-04-12T10:13:25.605745+00:00", "session_id": "dab34147-abb0-4f0f-8efb-ef4c396b9225", "decision": "REPAIR", "risk": "Low", "trust": 0.7193340783157325, "status": "OK"}
{"timestamp": "2026-04-12T13:34:42.925549+00:00", "session_id": "428d0fd4-766b-4d01-bfe1-7afd1ab1c98d", "decision": "Reject", "risk": "AttributeDenied", "trust": 0.0, "status": "OK"}
{"timestamp": "2026-04-12T13:34:42.930977+00:00", "session_id": "428d0fd4-766b-4d01-bfe1-7afd1ab1c98d", "decision": "Reject", "risk": "AttributeDenied", "trust": 0.0, "status": "OK"}
{"timestamp": "2026-04-12T13:34:42.935252+00:00", "session_id": "428d0fd4-766b-4d01-bfe1-7afd1ab1c98d", "decision": "Reject", "risk": "AttributeDenied", "trust": 0.0, "status": "OK"}
{"timestamp": "2026-04-12T13:34:42.940594+00:00", "session_id": "428d0fd4-766b-4d01-bfe1-7afd1ab1c98d", "decision": "Reject", "risk": "AttributeDenied", "trust": 0.0, "status": "OK"}
{"timestamp": "2026-04-12T13:34:42.945846+00:00", "session_id": "428d0fd4-766b-4d01-bfe1-7afd1ab1c98d", "decision": "Reject", "risk": "AttributeDenied", "trust": 0.0, "status": "OK"}
{"timestamp": "2026-04-12T13:38:40.086973+00:00", "session_id": "5d240128-45ba-4451-b1e9-d0b555f3a401", "decision": "Reject", "risk": "AttributeDenied", "trust": 0.0, "status": "OK"}
{"timestamp": "2026-04-12T13:38:40.092698+00:00", "session_id": "5d240128-45ba-4451-b1e9-d0b555f3a401", "decision": "Reject", "risk": "AttributeDenied", "trust": 0.0, "status": "OK"}
{"timestamp": "2026-04-12T13:38:40.097042+00:00", "session_id": "5d240128-45ba-4451-b1e9-d0b555f3a401", "decision": "Reject", "risk": "AttributeDenied", "trust": 0.0, "status": "OK"}
{"timestamp": "2026-04-12T13:38:40.101709+00:00", "session_id": "5d240128-45ba-4451-b1e9-d0b555f3a401", "decision": "Reject", "risk": "AttributeDenied", "trust": 0.0, "status": "OK"}
{"timestamp": "2026-04-12T13:38:40.106234+00:00", "session_id": "5d240128-45ba-4451-b1e9-d0b555f3a401", "decision": "Reject", "risk": "AttributeDenied", "trust": 0.0, "status": "OK"}
{"timestamp": "2026-04-12T13:39:34.688844+00:00", "session_id": "34ddedd9-6b20-4ae6-88ae-a8992fd968a3", "decision": "Reject", "risk": "AttributeDenied", "trust": 0.0, "status": "OK"}
{"timestamp": "2026-04-12T13:39:34.694498+00:00", "session_id": "34ddedd9-6b20-4ae6-88ae-a8992fd968a3", "decision": "Reject", "risk": "AttributeDenied", "trust": 0.0, "status": "OK"}
{"timestamp": "2026-04-12T13:39:34.699961+00:00", "session_id": "34ddedd9-6b20-4ae6-88ae-a8992fd968a3", "decision": "Reject", "risk": "AttributeDenied", "trust": 0.0, "status": "OK"}
{"timestamp": "2026-04-12T13:39:34.705121+00:00", "session_id": "34ddedd9-6b20-4ae6-88ae-a8992fd968a3", "decision": "Reject", "risk": "AttributeDenied", "trust": 0.0, "status": "OK"}
{"timestamp": "2026-04-12T13:39:34.710467+00:00", "session_id": "34ddedd9-6b20-4ae6-88ae-a8992fd968a3", "decision": "Reject", "risk": "AttributeDenied", "trust": 0.0, "status": "OK"}
{"timestamp": "2026-04-12T13:39:34.731223+00:00", "session_id": "34ddedd9-6b20-4ae6-88ae-a8992fd968a3", "decision": "REPAIR", "risk": "Low", "trust": 1.0, "status": "OK"}
2026-04-12 19:44:32,524 {"timestamp": "2026-04-12T14:14:32.524359+00:00", "session_id": "b0d9164b-c6a2-4b79-bacd-eb07830a3e5f", "decision": "Reject", "risk": "AttributeDenied", "trust": 0.0, "status": "OK"}
2026-04-12 19:44:32,529 {"timestamp": "2026-04-12T14:14:32.529008+00:00", "session_id": "b0d9164b-c6a2-4b79-bacd-eb07830a3e5f", "decision": "Reject", "risk": "AttributeDenied", "trust": 0.0, "status": "OK"}
2026-04-12 19:44:32,534 {"timestamp": "2026-04-12T14:14:32.534573+00:00", "session_id": "b0d9164b-c6a2-4b79-bacd-eb07830a3e5f", "decision": "Reject", "risk": "AttributeDenied", "trust": 0.0, "status": "OK"}
2026-04-12 19:44:32,554 {"timestamp": "2026-04-12T14:14:32.553976+00:00", "session_id": "b0d9164b-c6a2-4b79-bacd-eb07830a3e5f", "decision": "REPAIR", "risk": "Low", "trust": 1.0, "status": "OK"}
2026-04-12 19:54:11,575 {"timestamp": "2026-04-12T14:24:11.575256+00:00", "session_id": "9986ee95-9757-480d-bcc6-f241c54125dd", "decision": "Reject", "risk": "AttributeDenied", "trust": 0.997715, "status": "OK"}
2026-04-12 19:54:11,587 {"timestamp": "2026-04-12T14:24:11.587513+00:00", "session_id": "9986ee95-9757-480d-bcc6-f241c54125dd", "decision": "Reject", "risk": "AttributeDenied", "trust": 0.995717, "status": "OK"}
2026-04-12 19:54:11,597 {"timestamp": "2026-04-12T14:24:11.597762+00:00", "session_id": "9986ee95-9757-480d-bcc6-f241c54125dd", "decision": "Reject", "risk": "AttributeDenied", "trust": 0.994206, "status": "OK"}
2026-04-12 19:54:11,615 {"timestamp": "2026-04-12T14:24:11.615844+00:00", "session_id": "9986ee95-9757-480d-bcc6-f241c54125dd", "decision": "REPAIR", "risk": "Low", "trust": 1.0, "status": "OK"}
2026-04-13 23:45:45,652 {"timestamp": "2026-04-13T18:15:45.652309+00:00", "session_id": "4efe8ff3-1faa-4b4e-a830-26a07b7ed062", "decision": "Reject", "risk": "ReplayAttempt", "trust": 1.0, "status": "OK"}
2026-04-13 23:46:24,916 {"timestamp": "2026-04-13T18:16:24.916761+00:00", "session_id": "44dc1fd5-9e86-491c-adc5-ab4a62840a0e", "decision": "Reject", "risk": "ReplayAttempt", "trust": 1.0, "status": "OK"}
2026-04-14 00:03:52,191 {"timestamp": "2026-04-13T18:33:52.190959+00:00", "session_id": "3a436185-7e4a-4c64-a18f-c1b932381e7d", "decision": "Reject", "risk": "ReplayAttempt", "trust": 1.0, "status": "OK"}
2026-04-14 02:41:33,440 {"timestamp": "2026-04-13T21:11:33.439615+00:00", "session_id": "25716a49-41e9-4022-8863-0c3f07564e2c", "decision": "Reject", "risk": "ReplayAttempt", "trust": 0.245132, "status": "OK"}
2026-04-14 02:42:18,577 {"timestamp": "2026-04-13T21:12:18.576691+00:00", "session_id": "25716a49-41e9-4022-8863-0c3f07564e2c", "decision": "Reject", "risk": "ReplayAttempt", "trust": 0.040267, "status": "OK"}
2026-04-14 02:42:24,584 {"timestamp": "2026-04-13T21:12:24.584408+00:00", "session_id": "25716a49-41e9-4022-8863-0c3f07564e2c", "decision": "Reject", "risk": "ReplayAttempt", "trust": 0.031665, "status": "OK"}
2026-04-14 02:46:53,757 {"timestamp": "2026-04-13T21:16:53.757371+00:00", "session_id": "b67c2230-e95b-41b0-80ed-ff5aa67033d3", "decision": "Reject", "risk": "StateMismatch", "trust": 0.040309, "status": "OK"}
2026-04-14 02:47:48,948 {"timestamp": "2026-04-13T21:17:48.948406+00:00", "session_id": "b67c2230-e95b-41b0-80ed-ff5aa67033d3", "decision": "Reject", "risk": "MissingHeaders", "trust": 0.040309, "status": "OK"}
2026-04-14 02:50:09,776 {"timestamp": "2026-04-13T21:20:09.776336+00:00", "session_id": "a3d292cf-5585-48ce-a460-66ffa50c6954", "decision": "Reject", "risk": "InvalidSignature", "trust": 0.0, "status": "OK"}
2026-04-14 02:59:15,531 {"timestamp": "2026-04-13T21:29:15.531598+00:00", "session_id": "a3d292cf-5585-48ce-a460-66ffa50c6954", "decision": "Reject", "risk": "BackendUnavailable", "trust": 0.0, "status": "OK"}
2026-04-14 03:01:15,587 {"timestamp": "2026-04-13T21:31:15.587675+00:00", "session_id": "3bacfcf0-8dfd-4e96-8dfd-30a32d259fd4", "decision": "Reject", "risk": "AttributeDenied", "trust": 1.0, "status": "OK"}
2026-04-14 03:01:15,592 {"timestamp": "2026-04-13T21:31:15.592143+00:00", "session_id": "3bacfcf0-8dfd-4e96-8dfd-30a32d259fd4", "decision": "Reject", "risk": "REDIS_ERROR: No matching script. Please use EVAL.", "trust": 0.0, "status": "OK"}
2026-04-14 03:03:08,431 {"timestamp": "2026-04-13T21:33:08.431838+00:00", "session_id": "3bacfcf0-8dfd-4e96-8dfd-30a32d259fd4", "decision": "Reject", "risk": "InvalidSignature", "trust": 1.0, "status": "OK"}
2026-04-14 03:04:19,846 {"timestamp": "2026-04-13T21:34:19.845992+00:00", "session_id": "a32076b0-7bbf-42cc-beb1-80b7899e1788", "decision": "Reject", "risk": "AttributeDenied", "trust": 1.0, "status": "OK"}
2026-04-14 03:14:06,869 {"timestamp": "2026-04-13T21:44:06.869269+00:00", "session_id": "a32076b0-7bbf-42cc-beb1-80b7899e1788", "decision": "Reject", "risk": "ReplayAttempt", "trust": 0.0, "status": "OK"}
2026-04-14 17:24:56,230 {"timestamp": "2026-04-14T11:54:56.230663+00:00", "session_id": "86c614ba-d7a0-4ee0-8962-0bed39b3090a", "decision": "Reject", "risk": "ReplayAttempt", "trust": 0.14584, "status": "OK"}
2026-04-14 17:26:27,039 {"timestamp": "2026-04-14T11:56:27.039233+00:00", "session_id": "86c614ba-d7a0-4ee0-8962-0bed39b3090a", "decision": "Reject", "risk": "ReplayAttempt", "trust": 0.003857, "status": "OK"}
2026-04-14 17:28:54,843 {"timestamp": "2026-04-14T11:58:54.843379+00:00", "session_id": "7d4944cf-cb5c-4b05-a527-b0ed6082734f", "decision": "Reject", "risk": "StateMismatch", "trust": 0.196359, "status": "OK"}
2026-04-14 17:29:31,624 {"timestamp": "2026-04-14T11:59:31.624195+00:00", "session_id": "7d4944cf-cb5c-4b05-a527-b0ed6082734f", "decision": "Reject", "risk": "MissingStateHeaders", "trust": 0.045092, "status": "OK"}
2026-04-14 17:30:32,404 {"timestamp": "2026-04-14T12:00:32.404178+00:00", "session_id": "7d4944cf-cb5c-4b05-a527-b0ed6082734f", "decision": "Reject", "risk": "InvalidSignature", "trust": 0.045092, "status": "OK"}
2026-04-14 18:00:50,543 {"timestamp": "2026-04-14T12:30:50.543862+00:00", "session_id": "6d2cba88-9982-4c99-bbb1-7b76121b4c12", "decision": "REPAIR", "risk": "Low", "trust": 1.0, "status": "OK"}
2026-04-14 18:04:23,516 {"timestamp": "2026-04-14T12:34:23.516675+00:00", "session_id": "40d5683e-2476-4aa1-8378-4134c7dc7d8f", "decision": "REPAIR", "risk": "Low", "trust": 1.0, "status": "OK"}
2026-04-14 18:09:16,542 {"timestamp": "2026-04-14T12:39:16.542349+00:00", "session_id": "cd09aa3e-af51-4b1d-9371-9ada47d7c770", "decision": "Reject", "risk": "AttributeDenied", "trust": 1.0, "status": "OK"}
2026-04-14 18:20:14,259 {"timestamp": "2026-04-14T12:50:14.259072+00:00", "session_id": "4a4adc1b-c578-4d80-a221-c88f99fbc74e", "decision": "Reject", "risk": "ReplayAttempt", "trust": 0.999605, "status": "OK"}
2026-04-14 18:20:14,271 {"timestamp": "2026-04-14T12:50:14.271357+00:00", "session_id": "4a4adc1b-c578-4d80-a221-c88f99fbc74e", "decision": "Reject", "risk": "ReplayAttempt", "trust": 0.99906, "status": "OK"}
2026-04-14 18:20:14,278 {"timestamp": "2026-04-14T12:50:14.278696+00:00", "session_id": "4a4adc1b-c578-4d80-a221-c88f99fbc74e", "decision": "Reject", "risk": "ReplayAttempt", "trust": 0.998737, "status": "OK"}
2026-04-14 18:20:14,285 {"timestamp": "2026-04-14T12:50:14.285881+00:00", "session_id": "4a4adc1b-c578-4d80-a221-c88f99fbc74e", "decision": "Reject", "risk": "ReplayAttempt", "trust": 0.998432, "status": "OK"}
2026-04-14 18:20:14,292 {"timestamp": "2026-04-14T12:50:14.292014+00:00", "session_id": "4a4adc1b-c578-4d80-a221-c88f99fbc74e", "decision": "Reject", "risk": "ReplayAttempt", "trust": 0.99815, "status": "OK"}
2026-04-14 18:20:14,298 {"timestamp": "2026-04-14T12:50:14.298657+00:00", "session_id": "4a4adc1b-c578-4d80-a221-c88f99fbc74e", "decision": "Reject", "risk": "ReplayAttempt", "trust": 0.997859, "status": "OK"}
2026-04-14 18:20:14,305 {"timestamp": "2026-04-14T12:50:14.305419+00:00", "session_id": "4a4adc1b-c578-4d80-a221-c88f99fbc74e", "decision": "Reject", "risk": "ReplayAttempt", "trust": 0.99756, "status": "OK"}
2026-04-14 18:20:14,316 {"timestamp": "2026-04-14T12:50:14.316527+00:00", "session_id": "4a4adc1b-c578-4d80-a221-c88f99fbc74e", "decision": "Reject", "risk": "ReplayAttempt", "trust": 0.997094, "status": "OK"}
2026-04-14 18:20:14,327 {"timestamp": "2026-04-14T12:50:14.327103+00:00", "session_id": "4a4adc1b-c578-4d80-a221-c88f99fbc74e", "decision": "Reject", "risk": "ReplayAttempt", "trust": 0.996617, "status": "OK"}
2026-04-14 18:20:14,331 {"timestamp": "2026-04-14T12:50:14.331378+00:00", "session_id": "4a4adc1b-c578-4d80-a221-c88f99fbc74e", "decision": "Reject", "risk": "REPLAY_DETECTED", "trust": 0.0, "status": "OK"}
2026-04-14 18:20:14,332 {"timestamp": "2026-04-14T12:50:14.332240+00:00", "session_id": "4a4adc1b-c578-4d80-a221-c88f99fbc74e", "decision": "Reject", "risk": "REPLAY_DETECTED", "trust": 0.0, "status": "OK"}
2026-04-14 18:20:14,333 {"timestamp": "2026-04-14T12:50:14.333354+00:00", "session_id": "4a4adc1b-c578-4d80-a221-c88f99fbc74e", "decision": "Reject", "risk": "REPLAY_DETECTED", "trust": 0.0, "status": "OK"}
2026-04-14 18:20:14,335 {"timestamp": "2026-04-14T12:50:14.335250+00:00", "session_id": "4a4adc1b-c578-4d80-a221-c88f99fbc74e", "decision": "Reject", "risk": "REPLAY_DETECTED", "trust": 0.0, "status": "OK"}
2026-04-14 18:20:14,336 {"timestamp": "2026-04-14T12:50:14.336407+00:00", "session_id": "4a4adc1b-c578-4d80-a221-c88f99fbc74e", "decision": "Reject", "risk": "REPLAY_DETECTED", "trust": 0.0, "status": "OK"}
2026-04-14 18:20:14,337 {"timestamp": "2026-04-14T12:50:14.337482+00:00", "session_id": "4a4adc1b-c578-4d80-a221-c88f99fbc74e", "decision": "Reject", "risk": "REPLAY_DETECTED", "trust": 0.0, "status": "OK"}
2026-04-14 18:20:14,339 {"timestamp": "2026-04-14T12:50:14.339908+00:00", "session_id": "4a4adc1b-c578-4d80-a221-c88f99fbc74e", "decision": "Reject", "risk": "REPLAY_DETECTED", "trust": 0.0, "status": "OK"}
2026-04-14 18:20:14,341 {"timestamp": "2026-04-14T12:50:14.341156+00:00", "session_id": "4a4adc1b-c578-4d80-a221-c88f99fbc74e", "decision": "Reject", "risk": "REPLAY_DETECTED", "trust": 0.0, "status": "OK"}
2026-04-14 18:28:13,310 {"timestamp": "2026-04-14T12:58:13.310475+00:00", "session_id": "ea9f6932-0797-4421-a1b7-c7f7a20ebc6d", "decision": "Reject", "risk": "ReplayAttempt", "trust": 0.999536, "status": "OK"}
2026-04-14 18:28:13,322 {"timestamp": "2026-04-14T12:58:13.322730+00:00", "session_id": "ea9f6932-0797-4421-a1b7-c7f7a20ebc6d", "decision": "Reject", "risk": "ReplayAttempt", "trust": 0.99895, "status": "OK"}
2026-04-14 18:28:13,330 {"timestamp": "2026-04-14T12:58:13.330029+00:00", "session_id": "ea9f6932-0797-4421-a1b7-c7f7a20ebc6d", "decision": "Reject", "risk": "ReplayAttempt", "trust": 0.998631, "status": "OK"}
2026-04-14 18:28:13,338 {"timestamp": "2026-04-14T12:58:13.338571+00:00", "session_id": "ea9f6932-0797-4421-a1b7-c7f7a20ebc6d", "decision": "Reject", "risk": "ReplayAttempt", "trust": 0.998258, "status": "OK"}
2026-04-14 18:28:13,345 {"timestamp": "2026-04-14T12:58:13.345141+00:00", "session_id": "ea9f6932-0797-4421-a1b7-c7f7a20ebc6d", "decision": "Reject", "risk": "ReplayAttempt", "trust": 0.997967, "status": "OK"}
2026-04-14 18:28:13,352 {"timestamp": "2026-04-14T12:58:13.352145+00:00", "session_id": "ea9f6932-0797-4421-a1b7-c7f7a20ebc6d", "decision": "Reject", "risk": "ReplayAttempt", "trust": 0.997664, "status": "OK"}
2026-04-14 18:28:13,363 {"timestamp": "2026-04-14T12:58:13.363419+00:00", "session_id": "ea9f6932-0797-4421-a1b7-c7f7a20ebc6d", "decision": "Reject", "risk": "ReplayAttempt", "trust": 0.997158, "status": "OK"}
2026-04-14 18:28:13,370 {"timestamp": "2026-04-14T12:58:13.370657+00:00", "session_id": "ea9f6932-0797-4421-a1b7-c7f7a20ebc6d", "decision": "Reject", "risk": "ReplayAttempt", "trust": 0.99685, "status": "OK"}
2026-04-14 18:28:13,376 {"timestamp": "2026-04-14T12:58:13.376432+00:00", "session_id": "ea9f6932-0797-4421-a1b7-c7f7a20ebc6d", "decision": "Reject", "risk": "ReplayAttempt", "trust": 0.996579, "status": "OK"}
2026-04-14 18:28:13,381 {"timestamp": "2026-04-14T12:58:13.381347+00:00", "session_id": "ea9f6932-0797-4421-a1b7-c7f7a20ebc6d", "decision": "Reject", "risk": "REPLAY_DETECTED", "trust": 0.0, "status": "OK"}
2026-04-14 18:28:13,382 {"timestamp": "2026-04-14T12:58:13.382659+00:00", "session_id": "ea9f6932-0797-4421-a1b7-c7f7a20ebc6d", "decision": "Reject", "risk": "REPLAY_DETECTED", "trust": 0.0, "status": "OK"}
2026-04-14 18:28:13,383 {"timestamp": "2026-04-14T12:58:13.383679+00:00", "session_id": "ea9f6932-0797-4421-a1b7-c7f7a20ebc6d", "decision": "Reject", "risk": "REPLAY_DETECTED", "trust": 0.0, "status": "OK"}
2026-04-14 18:28:13,384 {"timestamp": "2026-04-14T12:58:13.384908+00:00", "session_id": "ea9f6932-0797-4421-a1b7-c7f7a20ebc6d", "decision": "Reject", "risk": "REPLAY_DETECTED", "trust": 0.0, "status": "OK"}
2026-04-14 18:28:13,385 {"timestamp": "2026-04-14T12:58:13.385921+00:00", "session_id": "ea9f6932-0797-4421-a1b7-c7f7a20ebc6d", "decision": "Reject", "risk": "REPLAY_DETECTED", "trust": 0.0, "status": "OK"}
2026-04-14 18:28:13,387 {"timestamp": "2026-04-14T12:58:13.387300+00:00", "session_id": "ea9f6932-0797-4421-a1b7-c7f7a20ebc6d", "decision": "Reject", "risk": "REPLAY_DETECTED", "trust": 0.0, "status": "OK"}
2026-04-14 18:28:13,388 {"timestamp": "2026-04-14T12:58:13.388547+00:00", "session_id": "ea9f6932-0797-4421-a1b7-c7f7a20ebc6d", "decision": "Reject", "risk": "REPLAY_DETECTED", "trust": 0.0, "status": "OK"}
2026-04-14 18:28:13,390 {"timestamp": "2026-04-14T12:58:13.390298+00:00", "session_id": "ea9f6932-0797-4421-a1b7-c7f7a20ebc6d", "decision": "Reject", "risk": "REPLAY_DETECTED", "trust": 0.0, "status": "OK"}
2026-04-14 18:33:04,380 {"timestamp": "2026-04-14T13:03:04.380578+00:00", "session_id": "a6f0528b-3e28-41e9-8eb0-30cff08b150d", "decision": "Reject", "risk": "ReplayAttempt", "trust": 0.251119, "status": "OK"}
2026-04-14 18:35:00,037 {"timestamp": "2026-04-14T13:05:00.037670+00:00", "session_id": "a6f0528b-3e28-41e9-8eb0-30cff08b150d", "decision": "Reject", "risk": "StateMismatch", "trust": 1e-06, "status": "OK"}
2026-04-14 18:46:58,324 {"timestamp": "2026-04-14T13:16:58.324547+00:00", "session_id": "a6f0528b-3e28-41e9-8eb0-30cff08b150d", "decision": "REPAIR", "risk": "Low", "trust": 0.200001, "status": "OK"}
2026-04-14 18:47:50,633 {"timestamp": "2026-04-14T13:17:50.633291+00:00", "session_id": "a6f0528b-3e28-41e9-8eb0-30cff08b150d", "decision": "Reject", "risk": "ReplayAttempt", "trust": 0.000704, "status": "OK"}
2026-04-14 18:50:24,818 {"timestamp": "2026-04-14T13:20:24.818485+00:00", "session_id": "a6f0528b-3e28-41e9-8eb0-30cff08b150d", "decision": "REPAIR", "risk": "Low", "trust": 0.200082, "status": "OK"}
2026-04-14 18:50:50,141 {"timestamp": "2026-04-14T13:20:50.141255+00:00", "session_id": "1d982bcf-262d-4f62-b4c3-bc60c8967cf9", "decision": "Reject", "risk": "ReplayAttempt", "trust": 0.001739, "status": "OK"}
2026-04-14 18:55:42,527 {"timestamp": "2026-04-14T13:25:42.527491+00:00", "session_id": "6f5697e9-fd34-4149-9d22-26e7a747e9df", "decision": "Reject", "risk": "InvalidTokenJSON", "trust": 1.0, "status": "OK"}
2026-04-14 18:57:21,916 {"timestamp": "2026-04-14T13:27:21.916132+00:00", "session_id": "1013d4a7-2b28-4d4d-9321-82a92c898f59", "decision": "Reject", "risk": "StateMismatch", "trust": 0.00287, "status": "OK"}
2026-04-14 19:02:07,740 {"timestamp": "2026-04-14T13:32:07.740077+00:00", "session_id": "1013d4a7-2b28-4d4d-9321-82a92c898f59", "decision": "REPAIR", "risk": "Low", "trust": 0.202747, "status": "OK"}
2026-04-14 19:07:43,858 {"timestamp": "2026-04-14T13:37:43.858511+00:00", "session_id": "c65f470b-bf38-4755-ad8a-13cc7bcf7b62", "decision": "Reject", "risk": "InvalidSignature", "trust": 1.0, "status": "OK"}
2026-04-17 10:49:20,103 {"timestamp": "2026-04-17T05:19:20.103534+00:00", "session_id": "297c34fd-a44b-4c9f-8c7c-39659dac6c72", "decision": "Reject", "risk": "ReplayAttempt", "trust": 0.96275, "status": "OK"}
2026-04-22 14:24:52,451 {"timestamp": "2026-04-22T08:54:52.451874+00:00", "session_id": "98fbb956-c18f-4cb4-b41e-70ce59d94e12", "decision": "Reject", "risk": "AttributeDenied", "trust": 0.99001, "status": "OK"}
2026-04-23 16:27:38,007 {"timestamp": "2026-04-23T10:57:38.007448+00:00", "session_id": "d6632a66-d6ec-4062-a2d2-e55deec9b1cd", "decision": "Reject", "risk": "AttributeDenied", "trust": 0.818731, "status": "OK"}
2026-04-23 16:32:50,988 {"timestamp": "2026-04-23T11:02:50.988362+00:00", "session_id": "d0085c22-722d-497e-aed3-3befd2d5143b", "decision": "Reject", "risk": "ReplayAttempt", "trust": 0.915761, "status": "OK"}
2026-04-23 16:46:05,334 {"timestamp": "2026-04-23T11:16:05.334762+00:00", "session_id": "e98c3e94-6ef6-4e96-9bc2-a704408b892a", "decision": "Reject", "risk": "InvalidTokenJSON", "trust": 0.915761, "status": "OK"}
2026-04-23 17:51:19,748 {"timestamp": "2026-04-23T12:21:19.747873+00:00", "session_id": "0cb3102e-5e62-4aa1-901b-7ca8e0dc1774", "decision": "REPAIR", "risk": "Low", "trust": 1.0, "status": "OK"}
2026-04-23 17:58:05,438 {"timestamp": "2026-04-23T12:28:05.438596+00:00", "session_id": "45d20ac4-be9c-46ba-9cc9-5ea7068e83d0", "decision": "REPAIR", "risk": "Low", "trust": 1.0, "status": "OK"}
2026-04-23 18:00:20,689 {"timestamp": "2026-04-23T12:30:20.689028+00:00", "session_id": "45d20ac4-be9c-46ba-9cc9-5ea7068e83d0", "decision": "Reject", "risk": "ReplayAttempt", "trust": 0.915761, "status": "OK"}
2026-04-23 18:02:08,639 {"timestamp": "2026-04-23T12:32:08.639295+00:00", "session_id": "8168daac-682d-40af-aceb-2d3c620065de", "decision": "Reject", "risk": "StateMismatch", "trust": 0.915761, "status": "OK"}
2026-04-23 18:03:28,636 {"timestamp": "2026-04-23T12:33:28.636567+00:00", "session_id": "8168daac-682d-40af-aceb-2d3c620065de", "decision": "Reject", "risk": "MissingHeaders", "trust": 1.0, "status": "OK"}
2026-04-23 18:05:49,706 {"timestamp": "2026-04-23T12:35:49.706181+00:00", "session_id": "f52d0f93-1cce-4434-a466-4920ad049297", "decision": "Reject", "risk": "InvalidSignature", "trust": 1.0, "status": "OK"}
2026-04-23 18:07:03,751 {"timestamp": "2026-04-23T12:37:03.751161+00:00", "session_id": "869070cd-a4a2-441b-a4c1-4c2bebd6af2a", "decision": "Reject", "risk": "MissingStateHeaders", "trust": 0.915761, "status": "OK"}
2026-04-23 23:22:05,423 {"timestamp": "2026-04-23T17:52:05.423877+00:00", "session_id": "777ea398-ee20-4d50-bbb6-da8f247cd684", "decision": "Reject", "risk": "MissingStateHeaders", "trust": 0.980199, "status": "OK"}
2026-04-23 23:22:29,460 {"timestamp": "2026-04-23T17:52:29.460179+00:00", "session_id": "777ea398-ee20-4d50-bbb6-da8f247cd684", "decision": "Reject", "risk": "MissingStateHeaders", "trust": 0.980199, "status": "OK"}
2026-04-23 23:23:18,543 {"timestamp": "2026-04-23T17:53:18.543544+00:00", "session_id": "0efc2fb3-3259-4d1d-90d6-0ec641b3e339", "decision": "Reject", "risk": "MissingStateHeaders", "trust": 0.980199, "status": "OK"}
2026-04-23 23:23:45,008 {"timestamp": "2026-04-23T17:53:45.008202+00:00", "session_id": "0efc2fb3-3259-4d1d-90d6-0ec641b3e339", "decision": "Reject", "risk": "MissingStateHeaders", "trust": 0.980199, "status": "OK"}
2026-04-23 23:26:32,976 {"timestamp": "2026-04-23T17:56:32.976667+00:00", "session_id": "{{session-id}}", "decision": "Reject", "risk": "SESSION_NOT_FOUND", "trust": 0.0, "status": "OK"}
2026-04-23 23:29:26,372 {"timestamp": "2026-04-23T17:59:26.371953+00:00", "session_id": "c80eab90-dd89-4a09-aff6-ebd289d0b11a", "decision": "Reject", "risk": "AttributeDenied", "trust": 0.879853, "status": "OK"}
2026-04-23 23:30:38,185 {"timestamp": "2026-04-23T18:00:38.185467+00:00", "session_id": "b945bcc0-f9dc-47d1-b862-e96515411751", "decision": "Reject", "risk": "AttributeDenied", "trust": 0.83527, "status": "OK"}
2026-04-29 11:44:13,920 {"timestamp": "2026-04-29T06:14:13.920287+00:00", "session_id": "831ccdb9-8867-45fe-a886-0df7a7438941", "decision": "Reject", "risk": "InvalidSignature", "trust": 1.0, "status": "OK"}
